c:\users\u2\source\repos\kursovaya\kursovaya\debug\vc142.pdb
c:\users\u2\source\repos\kursovaya\kursovaya\debug\source.obj
c:\users\u2\source\repos\kursovaya\kursovaya\debug\opform.obj
c:\users\u2\source\repos\kursovaya\kursovaya\debug\inform.obj
c:\users\u2\source\repos\kursovaya\kursovaya\debug\.netframework,version=v4.6.1.assemblyattributes.obj
c:\users\u2\source\repos\kursovaya\kursovaya\debug\.netframework,version=v4.6.1.assemblyattributes.asm
c:\users\u2\source\repos\kursovaya\kursovaya\debug\osform.obj
c:\users\u2\source\repos\kursovaya\kursovaya\debug\isform.obj
c:\users\u2\source\repos\kursovaya\kursovaya\debug\kursovaya.inform.resources
c:\users\u2\source\repos\kursovaya\kursovaya\debug\kursovaya.isform.resources
c:\users\u2\source\repos\kursovaya\kursovaya\debug\kursovaya.opform.resources
c:\users\u2\source\repos\kursovaya\kursovaya\debug\kursovaya.osform.resources
c:\users\u2\source\repos\kursovaya\kursovaya\debug\kursovaya.vcxproj.generateresource.cache
c:\users\u2\source\repos\kursovaya\kursovaya\debug\kursovaya.vcxprojassemblyreference.cache
c:\users\u2\source\repos\kursovaya\debug\kursovaya.pdb
c:\users\u2\source\repos\kursovaya\debug\kursovaya.exe
c:\users\u2\source\repos\kursovaya\kursovaya\debug\kursovaya.tlog\cl.command.1.tlog
c:\users\u2\source\repos\kursovaya\kursovaya\debug\kursovaya.tlog\cl.read.1.tlog
c:\users\u2\source\repos\kursovaya\kursovaya\debug\kursovaya.tlog\cl.write.1.tlog
c:\users\u2\source\repos\kursovaya\kursovaya\debug\kursovaya.tlog\kursovaya.write.1u.tlog
c:\users\u2\source\repos\kursovaya\kursovaya\debug\kursovaya.tlog\link.10228.delete.1.tlog
c:\users\u2\source\repos\kursovaya\kursovaya\debug\kursovaya.tlog\link.10332.delete.1.tlog
c:\users\u2\source\repos\kursovaya\kursovaya\debug\kursovaya.tlog\link.11084.delete.1.tlog
c:\users\u2\source\repos\kursovaya\kursovaya\debug\kursovaya.tlog\link.11380.delete.1.tlog
c:\users\u2\source\repos\kursovaya\kursovaya\debug\kursovaya.tlog\link.11392.delete.1.tlog
c:\users\u2\source\repos\kursovaya\kursovaya\debug\kursovaya.tlog\link.12044.delete.1.tlog
c:\users\u2\source\repos\kursovaya\kursovaya\debug\kursovaya.tlog\link.12864.delete.1.tlog
c:\users\u2\source\repos\kursovaya\kursovaya\debug\kursovaya.tlog\link.13160.delete.1.tlog
c:\users\u2\source\repos\kursovaya\kursovaya\debug\kursovaya.tlog\link.13184.delete.1.tlog
c:\users\u2\source\repos\kursovaya\kursovaya\debug\kursovaya.tlog\link.13448.delete.1.tlog
c:\users\u2\source\repos\kursovaya\kursovaya\debug\kursovaya.tlog\link.14332.delete.1.tlog
c:\users\u2\source\repos\kursovaya\kursovaya\debug\kursovaya.tlog\link.1968.delete.1.tlog
c:\users\u2\source\repos\kursovaya\kursovaya\debug\kursovaya.tlog\link.2808.delete.1.tlog
c:\users\u2\source\repos\kursovaya\kursovaya\debug\kursovaya.tlog\link.284.delete.1.tlog
c:\users\u2\source\repos\kursovaya\kursovaya\debug\kursovaya.tlog\link.6768.delete.1.tlog
c:\users\u2\source\repos\kursovaya\kursovaya\debug\kursovaya.tlog\link.8824.delete.1.tlog
c:\users\u2\source\repos\kursovaya\kursovaya\debug\kursovaya.tlog\link.9336.delete.1.tlog
c:\users\u2\source\repos\kursovaya\kursovaya\debug\kursovaya.tlog\link.command.1.tlog
c:\users\u2\source\repos\kursovaya\kursovaya\debug\kursovaya.tlog\link.read.1.tlog
c:\users\u2\source\repos\kursovaya\kursovaya\debug\kursovaya.tlog\link.write.1.tlog
c:\users\u2\source\repos\kursovaya\kursovaya\debug\kursovaya.tlog\metagen.read.1.tlog
c:\users\u2\source\repos\kursovaya\kursovaya\debug\kursovaya.tlog\metagen.write.1.tlog
